<?xml version="1.0" encoding="UTF-8"?>
<!-- Generated by org.testng.reporters.JUnitReportReporter -->
<testsuite hostname="DESKTOP-E7ECP6C" failures="0" tests="1" name="testCases.TC_002_LoginTest" time="4.053" errors="0" timestamp="2023-04-02T17:21:17 IST" skipped="0">
  <testcase classname="testCases.TC_002_LoginTest" name="test_Login" time="4.053"/>
  <system-out/>
</testsuite> <!-- testCases.TC_002_LoginTest -->
