<?xml version="1.0" encoding="UTF-8"?>
<!-- Generated by org.testng.reporters.JUnitReportReporter -->
<testsuite hostname="DESKTOP-E7ECP6C" failures="0" tests="1" name="testCases.TC_001_AccountRegistrationTest" time="17.200" errors="0" timestamp="2023-04-02T17:21:17 IST" skipped="0">
  <testcase classname="testCases.TC_001_AccountRegistrationTest" name="test_account_Registration" time="17.200"/>
  <system-out/>
</testsuite> <!-- testCases.TC_001_AccountRegistrationTest -->
